<?xml version="1.0" encoding="UTF-8"?>
<!-- Generated by org.testng.reporters.JUnitReportReporter -->
<testsuite hostname="DESKTOP-C4LC40M" failures="0" tests="1" name="TestLayer.LoginPageTest" time="23.118" errors="0" timestamp="2023-08-02T17:57:56 IST" skipped="0">
  <testcase classname="TestLayer.LoginPageTest" name="validateLoginFunctionality" time="23.118"/>
  <system-out/>
</testsuite> <!-- TestLayer.LoginPageTest -->
